This is TeX, Version 3.1415926 (MiKTeX 2.7) (preloaded format=tex 2008.7.2)  12 JAN 2010 09:07
**107fd
(107fd.tex
Overfull \hbox (1.37897pt too wide) in paragraph at lines 28--37
\tenbf mail: \tenrm mbrit-ten-ham2@math.unl.edu \tenbf WWW: \tenrm http://www.m
ath.unl.edu/$\tensy ^^X$\tenrm mbrittenham2/

\hbox(7.5+2.5)x391.46176, glue set - 1.0
.\tenbf m
.\tenbf a
.\tenbf i
.\tenbf l
.\tenbf :
.etc.


Overfull \hbox (9.52155pt too wide) in paragraph at lines 28--37
\tenbf WWW pages for this class: \tenrm http://www.math.unl.edu/$\tensy ^^X$\te
nrm mbrittenham2/classwk/107s10/ 

\hbox(7.5+2.5)x391.46176, glue set - 1.0
.\tenbf W
.\tenbf W
.\tenbf W
.\glue 3.83331 plus 1.91473 minus 1.27904
.\tenbf p
.etc.

Missing character: There is no ^^92 in font cmr10!
[1] [2] [3] [4] )
Output written on 107fd.dvi (4 pages, 16232 bytes).
